<html>
<body>
<pre>
<h1>µVision Build Log</h1>
<h2>Tool Versions:</h2>
IDE-Version: µVision V5.41.0.0
Copyright (C) 2024 ARM Ltd and ARM Germany GmbH. All rights reserved.
License Information: Austin DuCrest, Student, LIC=----
 
Tool Versions:
Toolchain:       MDK-Lite  Version: 5.41.0.0
Toolchain Path:  C:\Users\austi\AppData\Local\Keil_v5\ARM\ARMCLANG\Bin
C Compiler:      ArmClang.exe V6.22
Assembler:       Armasm.exe V6.22
Linker/Locator:  ArmLink.exe V6.22
Library Manager: ArmAr.exe V6.22
Hex Converter:   FromElf.exe V6.22
CPU DLL:         SARMCM3.DLL V5.41.0.0
Dialog DLL:      DCM.DLL V1.17.5.0
Target DLL:      STLink\ST-LINKIII-KEIL_SWO.dll V3.3.0.0
Dialog DLL:      TCM.DLL V1.56.4.0
 
<h2>Project:</h2>
C:\Users\austi\OneDrive\Documents\School Stuff\Class Stuff\Engineering Folder\ECE 3130\Project\ece3130_project\src\ece3130_project.uvprojx
Project File Date:  04/07/2025

<h2>Output:</h2>
*** Using Compiler 'V6.22', folder: 'C:\Users\austi\AppData\Local\Keil_v5\ARM\ARMCLANG\Bin'
Build target 'Target_1'
run.c(61): error: array type 'char[4]' is not assignable
   61 |                                         sector4New = "3&4";
      |                                         ~~~~~~~~~~ ^
run.c(67): error: array type 'char[4]' is not assignable
   67 |                                         sector4New = "1&2";
      |                                         ~~~~~~~~~~ ^
run.c(71): error: array type 'char[4]' is not assignable
   71 |                                         sector4New = "5&6";
      |                                         ~~~~~~~~~~ ^
run.c(78): error: array type 'char[4]' is not assignable
   78 |                 switch_Menu[0] = sector4New;
      |                 ~~~~~~~~~~~~~~ ^
run.c(79): error: expected ';' after expression
   79 |                 Write_String_Sector_LCD(4, sector4New)
      |                                                       ^
      |                                                       ;
run.c(137): warning: enumeration values 'BUTTON_SWITCH3', 'BUTTON_SWITCH4', and 'BUTTON_SWITCH5' not handled in switch [-Wswitch]
  137 |         switch (key)
      |                 ^~~
run.c(149): error: 'case' statement not in switch statement
  149 |         case BUTTON_SWITCH3:
      |         ^
run.c(151): error: 'break' statement not in loop or switch statement
  151 |                 break;
      |                 ^
run.c(153): error: 'case' statement not in switch statement
  153 |         case BUTTON_SWITCH4:
      |         ^
run.c(155): error: 'break' statement not in loop or switch statement
  155 |                 break;
      |                 ^
run.c(157): error: 'case' statement not in switch statement
  157 |         case BUTTON_SWITCH5:       // this will be our Mode Cycle 
      |         ^
run.c(179): error: 'break' statement not in loop or switch statement
  179 |                 break;
      |                 ^
run.c(144): warning: multiple unsequenced modifications to 'modeCycle' [-Wunsequenced]
  144 |                 modeCycle = (++modeCycle)%3;
      |                           ~  ^
run.c(159): warning: multiple unsequenced modifications to 'modeCycle' [-Wunsequenced]
  159 |                           modeCycle =(++modeCycle)%3;
      |                                     ~ ^
3 warnings and 11 errors generated.
compiling run.c...
".\Objects\ece3130_project.axf" - 11 Error(s), 3 Warning(s).

<h2>Software Packages used:</h2>

Package Vendor: ARM
                https://www.keil.com/pack/ARM.CMSIS.6.1.0.pack
                ARM::CMSIS@6.1.0
                CMSIS (Common Microcontroller Software Interface Standard)
   * Component: CORE Version: 6.1.0

Package Vendor: Keil
                https://www.keil.com/pack/Keil.STM32L4xx_DFP.3.0.0.pack
                Keil::STM32L4xx_DFP@3.0.0
                STMicroelectronics STM32L4 Series Device Support
   * Component: CubeMX Version: 1.0.0

<h2>Collection of Component include folders:</h2>
  ./RTE/_Target_1
  ./STM32CubeMX/Target_1/MX_Device
  ./STM32CubeMX/Target_1/STM32CubeMX/Drivers/CMSIS/Device/ST/STM32L4xx/Include
  ./STM32CubeMX/Target_1/STM32CubeMX/Drivers/STM32L4xx_HAL_Driver/Inc
  ./STM32CubeMX/Target_1/STM32CubeMX/Drivers/STM32L4xx_HAL_Driver/Inc/Legacy
  ./STM32CubeMX/Target_1/STM32CubeMX/Inc
  C:/Users/austi/AppData/Local/Arm/Packs/ARM/CMSIS/6.1.0/CMSIS/Core/Include

<h2>Collection of Component Files used:</h2>

   * Component: ARM::CMSIS:CORE@6.1.0

   * Component: Keil::Device:CubeMX@1.0.0
Target not created.
Build Time Elapsed:  00:00:00
</pre>
</body>
</html>
